<?xml version="1.0" encoding="UTF-8"?>
<!-- Generated by org.testng.reporters.JUnitReportReporter -->
<testsuite hostname="LAPTOP-8TP6OQIJ" failures="0" tests="1" name="TestCases.verifySignup" time="12.761" errors="0" timestamp="2022-11-03T08:03:00 IST" skipped="0">
  <testcase classname="TestCases.verifySignup" name="signup" time="12.761"/>
  <system-out/>
</testsuite> <!-- TestCases.verifySignup -->
